shared/base-kmm/build/intermediates/manifest_merge_blame_file/release/manifest-merger-blame-release-report.txt
1<?xml version="1.0" encoding="utf-8"?>
2<manifest xmlns:android="http://schemas.android.com/apk/res/android"
3    package="taras.morskyi.base_kmm" >
4
5    <uses-sdk android:minSdkVersion="26" />
5-->ProcessLibraryManifest/release/tempAndroidManifest16367635525973651154.xml
6
7</manifest>